# JRE version: Java(TM) SE Runtime Environment (8.0_101-b13) (build 1.8.0_101-b13)
# Java VM: Java HotSpot(TM) 64-Bit Server VM (25.101-b13 mixed mode windows-amd64 compressed oops)
Heap:
 PSYoungGen      total 123904K, used 88129K [0x00000000ed780000, 0x00000000f6e80000, 0x0000000100000000)
  eden space 114176K, 68% used [0x00000000ed780000,0x00000000f24183c0,0x00000000f4700000)
  from space 9728K, 99% used [0x00000000f4700000,0x00000000f50780b0,0x00000000f5080000)
  to   space 12800K, 0% used [0x00000000f6200000,0x00000000f6200000,0x00000000f6e80000)
 ParOldGen       total 53248K, used 31175K [0x00000000c8600000, 0x00000000cba00000, 0x00000000ed780000)
  object space 53248K, 58% used [0x00000000c8600000,0x00000000ca471ea0,0x00000000cba00000)
 Metaspace       used 54709K, capacity 55506K, committed 55720K, reserved 1097728K
  class space    used 6886K, capacity 7050K, committed 7080K, reserved 1048576K
GC Heap History (10 events):
Event: 42.647 GC heap before
{Heap before GC invocations=17 (full 2):
 PSYoungGen      total 84992K, used 2004K [0x00000000ed780000, 0x00000000f4a80000, 0x0000000100000000)
  eden space 78848K, 0% used [0x00000000ed780000,0x00000000ed780000,0x00000000f2480000)
  from space 6144K, 32% used [0x00000000f2480000,0x00000000f2675170,0x00000000f2a80000)
  to   space 6144K, 0% used [0x00000000f4480000,0x00000000f4480000,0x00000000f4a80000)
 ParOldGen       total 34304K, used 19510K [0x00000000c8600000, 0x00000000ca780000, 0x00000000ed780000)
  object space 34304K, 56% used [0x00000000c8600000,0x00000000c990d860,0x00000000ca780000)
 Metaspace       used 35007K, capacity 35320K, committed 35496K, reserved 1081344K
  class space    used 4409K, capacity 4519K, committed 4520K, reserved 1048576K
Event: 43.330 GC heap after
Heap after GC invocations=17 (full 2):
 PSYoungGen      total 84992K, used 0K [0x00000000ed780000, 0x00000000f4a80000, 0x0000000100000000)
  eden space 78848K, 0% used [0x00000000ed780000,0x00000000ed780000,0x00000000f2480000)
  from space 6144K, 0% used [0x00000000f2480000,0x00000000f2480000,0x00000000f2a80000)
  to   space 6144K, 0% used [0x00000000f4480000,0x00000000f4480000,0x00000000f4a80000)
 ParOldGen       total 53248K, used 20100K [0x00000000c8600000, 0x00000000cba00000, 0x00000000ed780000)
  object space 53248K, 37% used [0x00000000c8600000,0x00000000c99a12f8,0x00000000cba00000)
 Metaspace       used 35007K, capacity 35320K, committed 35496K, reserved 1081344K
  class space    used 4409K, capacity 4519K, committed 4520K, reserved 1048576K
}
Event: 53.195 GC heap before
{Heap before GC invocations=18 (full 2):
 PSYoungGen      total 84992K, used 78848K [0x00000000ed780000, 0x00000000f4a80000, 0x0000000100000000)
  eden space 78848K, 100% used [0x00000000ed780000,0x00000000f2480000,0x00000000f2480000)
  from space 6144K, 0% used [0x00000000f2480000,0x00000000f2480000,0x00000000f2a80000)
  to   space 6144K, 0% used [0x00000000f4480000,0x00000000f4480000,0x00000000f4a80000)
 ParOldGen       total 53248K, used 20100K [0x00000000c8600000, 0x00000000cba00000, 0x00000000ed780000)
  object space 53248K, 37% used [0x00000000c8600000,0x00000000c99a12f8,0x00000000cba00000)
 Metaspace       used 43369K, capacity 43760K, committed 44200K, reserved 1087488K
  class space    used 5609K, capacity 5707K, committed 5800K, reserved 1048576K
Event: 53.228 GC heap after
Heap after GC invocations=18 (full 2):
 PSYoungGen      total 105472K, used 6142K [0x00000000ed780000, 0x00000000f4a80000, 0x0000000100000000)
  eden space 99328K, 0% used [0x00000000ed780000,0x00000000ed780000,0x00000000f3880000)
  from space 6144K, 99% used [0x00000000f4480000,0x00000000f4a7fb48,0x00000000f4a80000)
  to   space 8192K, 0% used [0x00000000f3a80000,0x00000000f3a80000,0x00000000f4280000)
 ParOldGen       total 53248K, used 24001K [0x00000000c8600000, 0x00000000cba00000, 0x00000000ed780000)
  object space 53248K, 45% used [0x00000000c8600000,0x00000000c9d706d8,0x00000000cba00000)
 Metaspace       used 43369K, capacity 43760K, committed 44200K, reserved 1087488K
  class space    used 5609K, capacity 5707K, committed 5800K, reserved 1048576K
}
Event: 64.022 GC heap before
{Heap before GC invocations=19 (full 2):
 PSYoungGen      total 105472K, used 105470K [0x00000000ed780000, 0x00000000f4a80000, 0x0000000100000000)
  eden space 99328K, 100% used [0x00000000ed780000,0x00000000f3880000,0x00000000f3880000)
  from space 6144K, 99% used [0x00000000f4480000,0x00000000f4a7fb48,0x00000000f4a80000)
  to   space 8192K, 0% used [0x00000000f3a80000,0x00000000f3a80000,0x00000000f4280000)
 ParOldGen       total 53248K, used 24001K [0x00000000c8600000, 0x00000000cba00000, 0x00000000ed780000)
  object space 53248K, 45% used [0x00000000c8600000,0x00000000c9d706d8,0x00000000cba00000)
 Metaspace       used 46961K, capacity 47336K, committed 47784K, reserved 1091584K
  class space    used 6089K, capacity 6203K, committed 6312K, reserved 1048576K
Event: 64.099 GC heap after
Heap after GC invocations=19 (full 2):
 PSYoungGen      total 109568K, used 6983K [0x00000000ed780000, 0x00000000f5900000, 0x0000000100000000)
  eden space 101376K, 0% used [0x00000000ed780000,0x00000000ed780000,0x00000000f3a80000)
  from space 8192K, 85% used [0x00000000f3a80000,0x00000000f4151ce8,0x00000000f4280000)
  to   space 8704K, 0% used [0x00000000f5080000,0x00000000f5080000,0x00000000f5900000)
 ParOldGen       total 53248K, used 27101K [0x00000000c8600000, 0x00000000cba00000, 0x00000000ed780000)
  object space 53248K, 50% used [0x00000000c8600000,0x00000000ca077520,0x00000000cba00000)
 Metaspace       used 46961K, capacity 47336K, committed 47784K, reserved 1091584K
  class space    used 6089K, capacity 6203K, committed 6312K, reserved 1048576K
}
Event: 76.093 GC heap before
{Heap before GC invocations=20 (full 2):
 PSYoungGen      total 109568K, used 108359K [0x00000000ed780000, 0x00000000f5900000, 0x0000000100000000)
  eden space 101376K, 100% used [0x00000000ed780000,0x00000000f3a80000,0x00000000f3a80000)
  from space 8192K, 85% used [0x00000000f3a80000,0x00000000f4151ce8,0x00000000f4280000)
  to   space 8704K, 0% used [0x00000000f5080000,0x00000000f5080000,0x00000000f5900000)
 ParOldGen       total 53248K, used 27101K [0x00000000c8600000, 0x00000000cba00000, 0x00000000ed780000)
  object space 53248K, 50% used [0x00000000c8600000,0x00000000ca077520,0x00000000cba00000)
 Metaspace       used 49398K, capacity 49892K, committed 50088K, reserved 1093632K
  class space    used 6387K, capacity 6493K, committed 6568K, reserved 1048576K
Event: 76.231 GC heap after
Heap after GC invocations=20 (full 2):
 PSYoungGen      total 122880K, used 8371K [0x00000000ed780000, 0x00000000f5d00000, 0x0000000100000000)
  eden space 114176K, 0% used [0x00000000ed780000,0x00000000ed780000,0x00000000f4700000)
  from space 8704K, 96% used [0x00000000f5080000,0x00000000f58accf8,0x00000000f5900000)
  to   space 9728K, 0% used [0x00000000f4700000,0x00000000f4700000,0x00000000f5080000)
 ParOldGen       total 53248K, used 27109K [0x00000000c8600000, 0x00000000cba00000, 0x00000000ed780000)
  object space 53248K, 50% used [0x00000000c8600000,0x00000000ca079520,0x00000000cba00000)
 Metaspace       used 49398K, capacity 49892K, committed 50088K, reserved 1093632K
  class space    used 6387K, capacity 6493K, committed 6568K, reserved 1048576K
}
Event: 333.701 GC heap before
{Heap before GC invocations=21 (full 2):
 PSYoungGen      total 122880K, used 122547K [0x00000000ed780000, 0x00000000f5d00000, 0x0000000100000000)
  eden space 114176K, 100% used [0x00000000ed780000,0x00000000f4700000,0x00000000f4700000)
  from space 8704K, 96% used [0x00000000f5080000,0x00000000f58accf8,0x00000000f5900000)
  to   space 9728K, 0% used [0x00000000f4700000,0x00000000f4700000,0x00000000f5080000)
 ParOldGen       total 53248K, used 27109K [0x00000000c8600000, 0x00000000cba00000, 0x00000000ed780000)
  object space 53248K, 50% used [0x00000000c8600000,0x00000000ca079520,0x00000000cba00000)
 Metaspace       used 54111K, capacity 54808K, committed 54952K, reserved 1097728K
  class space    used 6865K, capacity 7019K, committed 7080K, reserved 1048576K
Event: 333.787 GC heap after
Heap after GC invocations=21 (full 2):
 PSYoungGen      total 123904K, used 9696K [0x00000000ed780000, 0x00000000f6e80000, 0x0000000100000000)
  eden space 114176K, 0% used [0x00000000ed780000,0x00000000ed780000,0x00000000f4700000)
  from space 9728K, 99% used [0x00000000f4700000,0x00000000f50780b0,0x00000000f5080000)
  to   space 12800K, 0% used [0x00000000f6200000,0x00000000f6200000,0x00000000f6e80000)
 ParOldGen       total 53248K, used 31175K [0x00000000c8600000, 0x00000000cba00000, 0x00000000ed780000)
  object space 53248K, 58% used [0x00000000c8600000,0x00000000ca471ea0,0x00000000cba00000)
 Metaspace       used 54111K, capacity 54808K, committed 54952K, reserved 1097728K
  class space    used 6865K, capacity 7019K, committed 7080K, reserved 1048576K
}

